{"/home/alx/Lera/Hexlet/qa-auto-engineer-javascript-project-87/src/buildDiff.js": {"path":"/home/alx/Lera/Hexlet/qa-auto-engineer-javascript-project-87/src/buildDiff.js","statementMap":{"0":{"start":{"line":1,"column":18},"end":{"line":27,"column":1}},"1":{"start":{"line":2,"column":15},"end":{"line":5,"column":12}},"2":{"start":{"line":7,"column":2},"end":{"line":26,"column":4}},"3":{"start":{"line":8,"column":4},"end":{"line":10,"column":5}},"4":{"start":{"line":9,"column":6},"end":{"line":9,"column":56}},"5":{"start":{"line":12,"column":4},"end":{"line":14,"column":5}},"6":{"start":{"line":13,"column":6},"end":{"line":13,"column":54}},"7":{"start":{"line":16,"column":4},"end":{"line":23,"column":5}},"8":{"start":{"line":17,"column":6},"end":{"line":22,"column":7}},"9":{"start":{"line":25,"column":4},"end":{"line":25,"column":56}}},"fnMap":{"0":{"name":"(anonymous_0)","decl":{"start":{"line":1,"column":18},"end":{"line":1,"column":19}},"loc":{"start":{"line":1,"column":36},"end":{"line":27,"column":1}},"line":1},"1":{"name":"(anonymous_1)","decl":{"start":{"line":7,"column":18},"end":{"line":7,"column":19}},"loc":{"start":{"line":7,"column":27},"end":{"line":26,"column":3}},"line":7}},"branchMap":{"0":{"loc":{"start":{"line":8,"column":4},"end":{"line":10,"column":5}},"type":"if","locations":[{"start":{"line":8,"column":4},"end":{"line":10,"column":5}},{"start":{},"end":{}}],"line":8},"1":{"loc":{"start":{"line":12,"column":4},"end":{"line":14,"column":5}},"type":"if","locations":[{"start":{"line":12,"column":4},"end":{"line":14,"column":5}},{"start":{},"end":{}}],"line":12},"2":{"loc":{"start":{"line":16,"column":4},"end":{"line":23,"column":5}},"type":"if","locations":[{"start":{"line":16,"column":4},"end":{"line":23,"column":5}},{"start":{},"end":{}}],"line":16}},"s":{"0":1,"1":3,"2":3,"3":15,"4":6,"5":9,"6":3,"7":6,"8":3,"9":3},"f":{"0":3,"1":15},"b":{"0":[6,9],"1":[3,6],"2":[3,3]},"inputSourceMap":null,"_coverageSchema":"1a1c01bbd47fc00a2c39e90264f33305004495a9","hash":"6473045eb7ad3e370dcf9a198616db83c097b8cf"}
,"/home/alx/Lera/Hexlet/qa-auto-engineer-javascript-project-87/src/genDiff.js": {"path":"/home/alx/Lera/Hexlet/qa-auto-engineer-javascript-project-87/src/genDiff.js","statementMap":{"0":{"start":{"line":7,"column":16},"end":{"line":7,"column":65}},"1":{"start":{"line":7,"column":28},"end":{"line":7,"column":65}},"2":{"start":{"line":8,"column":18},"end":{"line":8,"column":61}},"3":{"start":{"line":8,"column":30},"end":{"line":8,"column":61}},"4":{"start":{"line":9,"column":17},"end":{"line":9,"column":72}},"5":{"start":{"line":9,"column":29},"end":{"line":9,"column":72}},"6":{"start":{"line":11,"column":16},"end":{"line":21,"column":1}},"7":{"start":{"line":12,"column":16},"end":{"line":12,"column":35}},"8":{"start":{"line":13,"column":16},"end":{"line":13,"column":35}},"9":{"start":{"line":15,"column":22},"end":{"line":15,"column":56}},"10":{"start":{"line":16,"column":22},"end":{"line":16,"column":56}},"11":{"start":{"line":18,"column":19},"end":{"line":18,"column":54}},"12":{"start":{"line":20,"column":2},"end":{"line":20,"column":26}}},"fnMap":{"0":{"name":"(anonymous_0)","decl":{"start":{"line":7,"column":16},"end":{"line":7,"column":17}},"loc":{"start":{"line":7,"column":28},"end":{"line":7,"column":65}},"line":7},"1":{"name":"(anonymous_1)","decl":{"start":{"line":8,"column":18},"end":{"line":8,"column":19}},"loc":{"start":{"line":8,"column":30},"end":{"line":8,"column":61}},"line":8},"2":{"name":"(anonymous_2)","decl":{"start":{"line":9,"column":17},"end":{"line":9,"column":18}},"loc":{"start":{"line":9,"column":29},"end":{"line":9,"column":72}},"line":9},"3":{"name":"(anonymous_3)","decl":{"start":{"line":11,"column":16},"end":{"line":11,"column":17}},"loc":{"start":{"line":11,"column":42},"end":{"line":21,"column":1}},"line":11}},"branchMap":{},"s":{"0":1,"1":6,"2":1,"3":6,"4":1,"5":6,"6":1,"7":3,"8":3,"9":3,"10":3,"11":3,"12":3},"f":{"0":6,"1":6,"2":6,"3":3},"b":{},"inputSourceMap":null,"_coverageSchema":"1a1c01bbd47fc00a2c39e90264f33305004495a9","hash":"6d7d5906a80389d7a8a40cc1f6f10a68d1a152d7"}
,"/home/alx/Lera/Hexlet/qa-auto-engineer-javascript-project-87/src/index.js": {"path":"/home/alx/Lera/Hexlet/qa-auto-engineer-javascript-project-87/src/index.js","statementMap":{},"fnMap":{},"branchMap":{},"s":{},"f":{},"b":{},"inputSourceMap":null,"_coverageSchema":"1a1c01bbd47fc00a2c39e90264f33305004495a9","hash":"ef05d68320290c36758432434d2f2a986baecf0b"}
,"/home/alx/Lera/Hexlet/qa-auto-engineer-javascript-project-87/src/parse.js": {"path":"/home/alx/Lera/Hexlet/qa-auto-engineer-javascript-project-87/src/parse.js","statementMap":{"0":{"start":{"line":3,"column":14},"end":{"line":13,"column":1}},"1":{"start":{"line":4,"column":2},"end":{"line":6,"column":3}},"2":{"start":{"line":5,"column":4},"end":{"line":5,"column":27}},"3":{"start":{"line":8,"column":2},"end":{"line":10,"column":3}},"4":{"start":{"line":9,"column":4},"end":{"line":9,"column":26}},"5":{"start":{"line":12,"column":2},"end":{"line":12,"column":46}}},"fnMap":{"0":{"name":"(anonymous_0)","decl":{"start":{"line":3,"column":14},"end":{"line":3,"column":15}},"loc":{"start":{"line":3,"column":32},"end":{"line":13,"column":1}},"line":3}},"branchMap":{"0":{"loc":{"start":{"line":4,"column":2},"end":{"line":6,"column":3}},"type":"if","locations":[{"start":{"line":4,"column":2},"end":{"line":6,"column":3}},{"start":{},"end":{}}],"line":4},"1":{"loc":{"start":{"line":8,"column":2},"end":{"line":10,"column":3}},"type":"if","locations":[{"start":{"line":8,"column":2},"end":{"line":10,"column":3}},{"start":{},"end":{}}],"line":8},"2":{"loc":{"start":{"line":8,"column":6},"end":{"line":8,"column":43}},"type":"binary-expr","locations":[{"start":{"line":8,"column":6},"end":{"line":8,"column":22}},{"start":{"line":8,"column":26},"end":{"line":8,"column":43}}],"line":8}},"s":{"0":1,"1":6,"2":2,"3":4,"4":4,"5":0},"f":{"0":6},"b":{"0":[2,4],"1":[4,0],"2":[4,2]},"inputSourceMap":null,"_coverageSchema":"1a1c01bbd47fc00a2c39e90264f33305004495a9","hash":"94c859521b97011e2c6105ad8d4c73aee99597da"}
,"/home/alx/Lera/Hexlet/qa-auto-engineer-javascript-project-87/src/formatters/stylish.js": {"path":"/home/alx/Lera/Hexlet/qa-auto-engineer-javascript-project-87/src/formatters/stylish.js","statementMap":{"0":{"start":{"line":1,"column":20},"end":{"line":6,"column":1}},"1":{"start":{"line":2,"column":2},"end":{"line":4,"column":3}},"2":{"start":{"line":3,"column":4},"end":{"line":3,"column":27}},"3":{"start":{"line":5,"column":2},"end":{"line":5,"column":14}},"4":{"start":{"line":8,"column":16},"end":{"line":28,"column":1}},"5":{"start":{"line":9,"column":16},"end":{"line":25,"column":4}},"6":{"start":{"line":10,"column":4},"end":{"line":24,"column":5}},"7":{"start":{"line":12,"column":8},"end":{"line":12,"column":60}},"8":{"start":{"line":14,"column":8},"end":{"line":14,"column":60}},"9":{"start":{"line":16,"column":8},"end":{"line":19,"column":9}},"10":{"start":{"line":21,"column":8},"end":{"line":21,"column":60}},"11":{"start":{"line":23,"column":8},"end":{"line":23,"column":53}},"12":{"start":{"line":27,"column":2},"end":{"line":27,"column":36}}},"fnMap":{"0":{"name":"(anonymous_0)","decl":{"start":{"line":1,"column":20},"end":{"line":1,"column":21}},"loc":{"start":{"line":1,"column":31},"end":{"line":6,"column":1}},"line":1},"1":{"name":"(anonymous_1)","decl":{"start":{"line":8,"column":16},"end":{"line":8,"column":17}},"loc":{"start":{"line":8,"column":26},"end":{"line":28,"column":1}},"line":8},"2":{"name":"(anonymous_2)","decl":{"start":{"line":9,"column":29},"end":{"line":9,"column":30}},"loc":{"start":{"line":9,"column":39},"end":{"line":25,"column":3}},"line":9}},"branchMap":{"0":{"loc":{"start":{"line":2,"column":2},"end":{"line":4,"column":3}},"type":"if","locations":[{"start":{"line":2,"column":2},"end":{"line":4,"column":3}},{"start":{},"end":{}}],"line":2},"1":{"loc":{"start":{"line":10,"column":4},"end":{"line":24,"column":5}},"type":"switch","locations":[{"start":{"line":11,"column":6},"end":{"line":12,"column":60}},{"start":{"line":13,"column":6},"end":{"line":14,"column":60}},{"start":{"line":15,"column":6},"end":{"line":19,"column":9}},{"start":{"line":20,"column":6},"end":{"line":21,"column":60}},{"start":{"line":22,"column":6},"end":{"line":23,"column":53}}],"line":10}},"s":{"0":1,"1":18,"2":6,"3":12,"4":1,"5":3,"6":15,"7":6,"8":3,"9":3,"10":3,"11":0,"12":3},"f":{"0":18,"1":3,"2":15},"b":{"0":[6,12],"1":[6,3,3,3,0]},"inputSourceMap":null,"_coverageSchema":"1a1c01bbd47fc00a2c39e90264f33305004495a9","hash":"282b5ff3e8ce98e8ff462f348bded64a8831fb9a"}
}
