{"/home/alx/Lera/Hexlet/qa-auto-engineer-javascript-project-87/src/buildDiff.js": {"path":"/home/alx/Lera/Hexlet/qa-auto-engineer-javascript-project-87/src/buildDiff.js","statementMap":{"0":{"start":{"line":1,"column":18},"end":{"line":27,"column":1}},"1":{"start":{"line":2,"column":15},"end":{"line":5,"column":40}},"2":{"start":{"line":5,"column":21},"end":{"line":5,"column":39}},"3":{"start":{"line":7,"column":2},"end":{"line":26,"column":4}},"4":{"start":{"line":8,"column":4},"end":{"line":10,"column":5}},"5":{"start":{"line":9,"column":6},"end":{"line":9,"column":56}},"6":{"start":{"line":12,"column":4},"end":{"line":14,"column":5}},"7":{"start":{"line":13,"column":6},"end":{"line":13,"column":54}},"8":{"start":{"line":16,"column":4},"end":{"line":23,"column":5}},"9":{"start":{"line":17,"column":6},"end":{"line":22,"column":7}},"10":{"start":{"line":25,"column":4},"end":{"line":25,"column":56}}},"fnMap":{"0":{"name":"(anonymous_0)","decl":{"start":{"line":1,"column":18},"end":{"line":1,"column":19}},"loc":{"start":{"line":1,"column":36},"end":{"line":27,"column":1}},"line":1},"1":{"name":"(anonymous_1)","decl":{"start":{"line":5,"column":11},"end":{"line":5,"column":12}},"loc":{"start":{"line":5,"column":21},"end":{"line":5,"column":39}},"line":5},"2":{"name":"(anonymous_2)","decl":{"start":{"line":7,"column":18},"end":{"line":7,"column":19}},"loc":{"start":{"line":7,"column":27},"end":{"line":26,"column":3}},"line":7}},"branchMap":{"0":{"loc":{"start":{"line":8,"column":4},"end":{"line":10,"column":5}},"type":"if","locations":[{"start":{"line":8,"column":4},"end":{"line":10,"column":5}},{"start":{},"end":{}}],"line":8},"1":{"loc":{"start":{"line":12,"column":4},"end":{"line":14,"column":5}},"type":"if","locations":[{"start":{"line":12,"column":4},"end":{"line":14,"column":5}},{"start":{},"end":{}}],"line":12},"2":{"loc":{"start":{"line":16,"column":4},"end":{"line":23,"column":5}},"type":"if","locations":[{"start":{"line":16,"column":4},"end":{"line":23,"column":5}},{"start":{},"end":{}}],"line":16}},"s":{"0":1,"1":3,"2":24,"3":3,"4":15,"5":6,"6":9,"7":3,"8":6,"9":3,"10":3},"f":{"0":3,"1":24,"2":15},"b":{"0":[6,9],"1":[3,6],"2":[3,3]},"inputSourceMap":null,"_coverageSchema":"1a1c01bbd47fc00a2c39e90264f33305004495a9","hash":"0d597a5e16add31961289d6e3bb98ade6b793ddd"}
,"/home/alx/Lera/Hexlet/qa-auto-engineer-javascript-project-87/src/genDiff.js": {"path":"/home/alx/Lera/Hexlet/qa-auto-engineer-javascript-project-87/src/genDiff.js","statementMap":{"0":{"start":{"line":7,"column":16},"end":{"line":7,"column":65}},"1":{"start":{"line":7,"column":28},"end":{"line":7,"column":65}},"2":{"start":{"line":8,"column":18},"end":{"line":8,"column":61}},"3":{"start":{"line":8,"column":30},"end":{"line":8,"column":61}},"4":{"start":{"line":9,"column":17},"end":{"line":9,"column":72}},"5":{"start":{"line":9,"column":29},"end":{"line":9,"column":72}},"6":{"start":{"line":11,"column":16},"end":{"line":21,"column":1}},"7":{"start":{"line":12,"column":16},"end":{"line":12,"column":35}},"8":{"start":{"line":13,"column":16},"end":{"line":13,"column":35}},"9":{"start":{"line":15,"column":22},"end":{"line":15,"column":56}},"10":{"start":{"line":16,"column":22},"end":{"line":16,"column":56}},"11":{"start":{"line":18,"column":19},"end":{"line":18,"column":54}},"12":{"start":{"line":20,"column":2},"end":{"line":20,"column":38}}},"fnMap":{"0":{"name":"(anonymous_0)","decl":{"start":{"line":7,"column":16},"end":{"line":7,"column":17}},"loc":{"start":{"line":7,"column":28},"end":{"line":7,"column":65}},"line":7},"1":{"name":"(anonymous_1)","decl":{"start":{"line":8,"column":18},"end":{"line":8,"column":19}},"loc":{"start":{"line":8,"column":30},"end":{"line":8,"column":61}},"line":8},"2":{"name":"(anonymous_2)","decl":{"start":{"line":9,"column":17},"end":{"line":9,"column":18}},"loc":{"start":{"line":9,"column":29},"end":{"line":9,"column":72}},"line":9},"3":{"name":"(anonymous_3)","decl":{"start":{"line":11,"column":16},"end":{"line":11,"column":17}},"loc":{"start":{"line":11,"column":66},"end":{"line":21,"column":1}},"line":11}},"branchMap":{"0":{"loc":{"start":{"line":11,"column":39},"end":{"line":11,"column":61}},"type":"default-arg","locations":[{"start":{"line":11,"column":52},"end":{"line":11,"column":61}}],"line":11}},"s":{"0":1,"1":6,"2":1,"3":6,"4":1,"5":6,"6":1,"7":3,"8":3,"9":3,"10":3,"11":3,"12":3},"f":{"0":6,"1":6,"2":6,"3":3},"b":{"0":[3]},"inputSourceMap":null,"_coverageSchema":"1a1c01bbd47fc00a2c39e90264f33305004495a9","hash":"24ba36d8db79b4dbce1f62ad3b603458044fd749"}
,"/home/alx/Lera/Hexlet/qa-auto-engineer-javascript-project-87/src/index.js": {"path":"/home/alx/Lera/Hexlet/qa-auto-engineer-javascript-project-87/src/index.js","statementMap":{},"fnMap":{},"branchMap":{},"s":{},"f":{},"b":{},"inputSourceMap":null,"_coverageSchema":"1a1c01bbd47fc00a2c39e90264f33305004495a9","hash":"ef05d68320290c36758432434d2f2a986baecf0b"}
,"/home/alx/Lera/Hexlet/qa-auto-engineer-javascript-project-87/src/formatters/index.js": {"path":"/home/alx/Lera/Hexlet/qa-auto-engineer-javascript-project-87/src/formatters/index.js","statementMap":{"0":{"start":{"line":3,"column":19},"end":{"line":5,"column":1}},"1":{"start":{"line":7,"column":15},"end":{"line":15,"column":1}},"2":{"start":{"line":8,"column":20},"end":{"line":8,"column":42}},"3":{"start":{"line":10,"column":2},"end":{"line":12,"column":3}},"4":{"start":{"line":11,"column":4},"end":{"line":11,"column":52}},"5":{"start":{"line":14,"column":2},"end":{"line":14,"column":24}}},"fnMap":{"0":{"name":"(anonymous_0)","decl":{"start":{"line":7,"column":15},"end":{"line":7,"column":16}},"loc":{"start":{"line":7,"column":49},"end":{"line":15,"column":1}},"line":7}},"branchMap":{"0":{"loc":{"start":{"line":7,"column":22},"end":{"line":7,"column":44}},"type":"default-arg","locations":[{"start":{"line":7,"column":35},"end":{"line":7,"column":44}}],"line":7},"1":{"loc":{"start":{"line":10,"column":2},"end":{"line":12,"column":3}},"type":"if","locations":[{"start":{"line":10,"column":2},"end":{"line":12,"column":3}},{"start":{},"end":{}}],"line":10}},"s":{"0":1,"1":1,"2":3,"3":3,"4":0,"5":3},"f":{"0":3},"b":{"0":[0],"1":[0,3]},"inputSourceMap":null,"_coverageSchema":"1a1c01bbd47fc00a2c39e90264f33305004495a9","hash":"821e14057329c7bad486ec4dc06abe270a639e25"}
,"/home/alx/Lera/Hexlet/qa-auto-engineer-javascript-project-87/src/formatters/stylish.js": {"path":"/home/alx/Lera/Hexlet/qa-auto-engineer-javascript-project-87/src/formatters/stylish.js","statementMap":{"0":{"start":{"line":1,"column":20},"end":{"line":6,"column":1}},"1":{"start":{"line":2,"column":2},"end":{"line":4,"column":3}},"2":{"start":{"line":3,"column":4},"end":{"line":3,"column":27}},"3":{"start":{"line":5,"column":2},"end":{"line":5,"column":14}},"4":{"start":{"line":8,"column":14},"end":{"line":12,"column":1}},"5":{"start":{"line":14,"column":16},"end":{"line":32,"column":1}},"6":{"start":{"line":15,"column":16},"end":{"line":29,"column":4}},"7":{"start":{"line":16,"column":4},"end":{"line":21,"column":5}},"8":{"start":{"line":17,"column":6},"end":{"line":20,"column":7}},"9":{"start":{"line":23,"column":4},"end":{"line":25,"column":5}},"10":{"start":{"line":24,"column":6},"end":{"line":24,"column":51}},"11":{"start":{"line":27,"column":17},"end":{"line":27,"column":33}},"12":{"start":{"line":28,"column":4},"end":{"line":28,"column":62}},"13":{"start":{"line":31,"column":2},"end":{"line":31,"column":36}}},"fnMap":{"0":{"name":"(anonymous_0)","decl":{"start":{"line":1,"column":20},"end":{"line":1,"column":21}},"loc":{"start":{"line":1,"column":31},"end":{"line":6,"column":1}},"line":1},"1":{"name":"(anonymous_1)","decl":{"start":{"line":14,"column":16},"end":{"line":14,"column":17}},"loc":{"start":{"line":14,"column":26},"end":{"line":32,"column":1}},"line":14},"2":{"name":"(anonymous_2)","decl":{"start":{"line":15,"column":29},"end":{"line":15,"column":30}},"loc":{"start":{"line":15,"column":39},"end":{"line":29,"column":3}},"line":15}},"branchMap":{"0":{"loc":{"start":{"line":2,"column":2},"end":{"line":4,"column":3}},"type":"if","locations":[{"start":{"line":2,"column":2},"end":{"line":4,"column":3}},{"start":{},"end":{}}],"line":2},"1":{"loc":{"start":{"line":16,"column":4},"end":{"line":21,"column":5}},"type":"if","locations":[{"start":{"line":16,"column":4},"end":{"line":21,"column":5}},{"start":{},"end":{}}],"line":16},"2":{"loc":{"start":{"line":23,"column":4},"end":{"line":25,"column":5}},"type":"if","locations":[{"start":{"line":23,"column":4},"end":{"line":25,"column":5}},{"start":{},"end":{}}],"line":23},"3":{"loc":{"start":{"line":23,"column":8},"end":{"line":23,"column":52}},"type":"binary-expr","locations":[{"start":{"line":23,"column":8},"end":{"line":23,"column":25}},{"start":{"line":23,"column":29},"end":{"line":23,"column":52}}],"line":23}},"s":{"0":1,"1":18,"2":6,"3":12,"4":1,"5":1,"6":3,"7":15,"8":3,"9":12,"10":0,"11":12,"12":12,"13":3},"f":{"0":18,"1":3,"2":15},"b":{"0":[6,12],"1":[3,12],"2":[0,12],"3":[12,0]},"inputSourceMap":null,"_coverageSchema":"1a1c01bbd47fc00a2c39e90264f33305004495a9","hash":"84e3624b117e8609992475ec83d76dc315ce5245"}
,"/home/alx/Lera/Hexlet/qa-auto-engineer-javascript-project-87/src/parsers/index.js": {"path":"/home/alx/Lera/Hexlet/qa-auto-engineer-javascript-project-87/src/parsers/index.js","statementMap":{"0":{"start":{"line":4,"column":16},"end":{"line":8,"column":1}},"1":{"start":{"line":10,"column":14},"end":{"line":18,"column":1}},"2":{"start":{"line":11,"column":17},"end":{"line":11,"column":32}},"3":{"start":{"line":13,"column":2},"end":{"line":15,"column":3}},"4":{"start":{"line":14,"column":4},"end":{"line":14,"column":53}},"5":{"start":{"line":17,"column":2},"end":{"line":17,"column":21}}},"fnMap":{"0":{"name":"(anonymous_0)","decl":{"start":{"line":10,"column":14},"end":{"line":10,"column":15}},"loc":{"start":{"line":10,"column":32},"end":{"line":18,"column":1}},"line":10}},"branchMap":{"0":{"loc":{"start":{"line":13,"column":2},"end":{"line":15,"column":3}},"type":"if","locations":[{"start":{"line":13,"column":2},"end":{"line":15,"column":3}},{"start":{},"end":{}}],"line":13}},"s":{"0":1,"1":1,"2":6,"3":6,"4":0,"5":6},"f":{"0":6},"b":{"0":[0,6]},"inputSourceMap":null,"_coverageSchema":"1a1c01bbd47fc00a2c39e90264f33305004495a9","hash":"989a0a946d3f391b494f724505e92ce88596a275"}
,"/home/alx/Lera/Hexlet/qa-auto-engineer-javascript-project-87/src/parsers/json.js": {"path":"/home/alx/Lera/Hexlet/qa-auto-engineer-javascript-project-87/src/parsers/json.js","statementMap":{"0":{"start":{"line":1,"column":18},"end":{"line":1,"column":42}},"1":{"start":{"line":1,"column":26},"end":{"line":1,"column":42}}},"fnMap":{"0":{"name":"(anonymous_0)","decl":{"start":{"line":1,"column":18},"end":{"line":1,"column":19}},"loc":{"start":{"line":1,"column":26},"end":{"line":1,"column":42}},"line":1}},"branchMap":{},"s":{"0":1,"1":2},"f":{"0":2},"b":{},"inputSourceMap":null,"_coverageSchema":"1a1c01bbd47fc00a2c39e90264f33305004495a9","hash":"621e343f585a60d13e6dffa64f95e234e6cfe4ef"}
,"/home/alx/Lera/Hexlet/qa-auto-engineer-javascript-project-87/src/parsers/yaml.js": {"path":"/home/alx/Lera/Hexlet/qa-auto-engineer-javascript-project-87/src/parsers/yaml.js","statementMap":{"0":{"start":{"line":3,"column":18},"end":{"line":3,"column":41}},"1":{"start":{"line":3,"column":26},"end":{"line":3,"column":41}}},"fnMap":{"0":{"name":"(anonymous_0)","decl":{"start":{"line":3,"column":18},"end":{"line":3,"column":19}},"loc":{"start":{"line":3,"column":26},"end":{"line":3,"column":41}},"line":3}},"branchMap":{},"s":{"0":1,"1":4},"f":{"0":4},"b":{},"inputSourceMap":null,"_coverageSchema":"1a1c01bbd47fc00a2c39e90264f33305004495a9","hash":"90121fd8531d4ff006de29678e41a29384858266"}
}
