TN:
SF:src/genDiff.js
FN:5,(anonymous_0)
FN:6,(anonymous_1)
FN:7,(anonymous_2)
FN:9,(anonymous_3)
FN:18,(anonymous_4)
FNF:5
FNH:5
FNDA:2,(anonymous_0)
FNDA:2,(anonymous_1)
FNDA:2,(anonymous_2)
FNDA:1,(anonymous_3)
FNDA:5,(anonymous_4)
DA:5,2
DA:6,2
DA:7,2
DA:9,1
DA:10,1
DA:11,1
DA:13,1
DA:14,1
DA:16,1
DA:18,1
DA:19,5
DA:20,2
DA:23,3
DA:24,1
DA:27,2
DA:28,1
DA:34,1
DA:37,1
LF:18
LH:18
BRDA:19,0,0,2
BRDA:19,0,1,3
BRDA:23,1,0,1
BRDA:23,1,1,2
BRDA:27,2,0,1
BRDA:27,2,1,1
BRF:6
BRH:6
end_of_record
TN:
SF:src/index.js
FNF:0
FNH:0
LF:0
LH:0
BRF:0
BRH:0
end_of_record
TN:
SF:src/parse.js
FN:1,(anonymous_0)
FNF:1
FNH:1
FNDA:2,(anonymous_0)
DA:1,1
DA:2,2
DA:3,2
DA:6,0
LF:4
LH:3
BRDA:2,0,0,2
BRDA:2,0,1,0
BRF:2
BRH:1
end_of_record
