TN:
SF:src/genDiff.js
FN:5,(anonymous_0)
FN:6,(anonymous_1)
FN:7,(anonymous_2)
FN:9,(anonymous_3)
FN:18,(anonymous_4)
FNF:5
FNH:5
FNDA:6,(anonymous_0)
FNDA:6,(anonymous_1)
FNDA:6,(anonymous_2)
FNDA:3,(anonymous_3)
FNDA:15,(anonymous_4)
DA:5,6
DA:6,6
DA:7,6
DA:9,1
DA:10,3
DA:11,3
DA:13,3
DA:14,3
DA:16,3
DA:18,3
DA:19,15
DA:20,6
DA:23,9
DA:24,3
DA:27,6
DA:28,3
DA:34,3
DA:37,3
LF:18
LH:18
BRDA:19,0,0,6
BRDA:19,0,1,9
BRDA:23,1,0,3
BRDA:23,1,1,6
BRDA:27,2,0,3
BRDA:27,2,1,3
BRF:6
BRH:6
end_of_record
TN:
SF:src/index.js
FNF:0
FNH:0
LF:0
LH:0
BRF:0
BRH:0
end_of_record
TN:
SF:src/parse.js
FN:3,(anonymous_0)
FNF:1
FNH:1
FNDA:6,(anonymous_0)
DA:3,1
DA:4,6
DA:5,2
DA:8,4
DA:9,4
DA:12,0
LF:6
LH:5
BRDA:4,0,0,2
BRDA:4,0,1,4
BRDA:8,1,0,4
BRDA:8,1,1,0
BRDA:8,2,0,4
BRDA:8,2,1,2
BRF:6
BRH:5
end_of_record
